This file contains any messages produced by compilers while
running configure, to aid debugging if configure makes a mistake.

configure:597: checking for a BSD compatible install
configure:650: checking whether build environment is sane
configure:707: checking whether make sets ${MAKE}
configure:753: checking for working aclocal
configure:766: checking for working autoconf
configure:779: checking for working automake
configure:792: checking for working autoheader
configure:805: checking for working makeinfo
configure:820: checking whether to enable maintainer-specific portions of Makefiles
configure:914: checking for gnome-config
configure:951: checking if /usr/bin/gnome-config works
configure:959: checking for orbit-config
configure:995: checking for orbit-idl
configure:1029: checking for working ORBit environment
configure:1065: checking for gnorba libraries
configure:1175: checking for xml2-config
configure:1216: checking for xmlNewDoc in -lxml
configure:1235: cc -o conftest    conftest.c -lxml -L/usr/lib -lxml2 -lz -lm  1>&5
configure:1274: checking for gcc
configure:1387: checking whether the C compiler (gcc  ) works
configure:1403: gcc -o conftest    conftest.c  1>&5
configure:1429: checking whether the C compiler (gcc  ) is a cross-compiler
configure:1434: checking whether we are using GNU C
configure:1443: gcc -E conftest.c
configure:1462: checking whether gcc accepts -g
configure:1494: checking for POSIXized ISC
configure:1517: checking for gcc
configure:1630: checking whether the C compiler (gcc -g -O2 ) works
configure:1646: gcc -o conftest -g -O2   conftest.c  1>&5
configure:1672: checking whether the C compiler (gcc -g -O2 ) is a cross-compiler
configure:1677: checking whether we are using GNU C
configure:1705: checking whether gcc accepts -g
configure:1737: checking how to run the C preprocessor
configure:1758: gcc -E  conftest.c >/dev/null 2>conftest.out
configure:1817: checking for ANSI C header files
configure:1830: gcc -E  conftest.c >/dev/null 2>conftest.out
configure:1897: gcc -o conftest -g -O2   conftest.c  1>&5
configure:2015: checking host system type
configure:2036: checking build system type
configure:2056: checking for ranlib
configure:2095: checking for ld used by GCC
configure:2157: checking if the linker (/usr/bin/ld) is GNU ld
GNU ld version 2.9.5 (with BFD 2.9.5.0.22)
configure:2173: checking for BSD-compatible nm
configure:2209: checking whether ln -s works
ltconfig:603: checking for object suffix
ltconfig:604: gcc -c -g -O2  conftest.c 1>&5
ltconfig:629: checking for executable suffix
ltconfig:630: gcc -o conftest -g -O2   conftest.c  1>&5
ltconfig:776: checking if gcc PIC flag -fPIC works
ltconfig:777: gcc -c -g -O2 -fPIC -DPIC  conftest.c 1>&5
ltconfig:829: checking if gcc supports -c -o file.o
ltconfig:830: gcc -c -g -O2 -o out/conftest2.o  conftest.c 1>&5
ltconfig:862: checking if gcc supports -c -o file.lo
ltconfig:863: gcc -c -g -O2 -c -o conftest.lo  conftest.c 1>&5
ltconfig:914: checking if gcc supports -fno-rtti -fno-exceptions
ltconfig:915: gcc -c -g -O2 -fno-rtti -fno-exceptions -c conftest.c  conftest.c 1>&5
ltconfig:958: checking if gcc static flag -static works
ltconfig:959: gcc -o conftest -g -O2   -static conftest.c  1>&5
GNU ld version 2.9.5 (with BFD 2.9.5.0.22)
ltconfig:1653: checking if global_symbol_pipe works
ltconfig:1654: gcc -c -g -O2  conftest.c 1>&5
ltconfig:1657: eval "/usr/bin/nm -B conftest.o | sed -n -e 's/^.*[ 	]\([ABCDGISTW]\)[ 	][ 	]*\(\)\([_A-Za-z][_A-Za-z0-9]*\)$/\1 \2\3 \3/p' > conftest.nm"
ltconfig:1709: gcc -o conftest -g -O2 -fno-builtin -fno-rtti -fno-exceptions   conftest.c conftstm.o 1>&5
configure:2411: checking what warning flags to pass to the C compiler
configure:2443: checking what language compliance flags to pass to the C compiler
configure:2469: checking for working const
configure:2523: gcc -c -g -O2 -Wall -Wunused   conftest.c 1>&5
configure: In function `main':
configure:2497: warning: unused variable `s'
configure:2517: warning: unused variable `foo'
configure:2485: warning: unused variable `zero'
configure:2479: warning: unused variable `x'
configure:2496: warning: `t' might be used uninitialized in this function
configure:2514: warning: `b' might be used uninitialized in this function
configure:2544: checking for inline
configure:2558: gcc -c -g -O2 -Wall -Wunused   conftest.c 1>&5
configure: In function `main':
configure:2554: warning: control reaches end of non-void function
configure: At top level:
configure:2554: warning: return-type defaults to `int'
configure:2584: checking for off_t
configure:2617: checking for size_t
configure:2652: checking for working alloca.h
configure:2664: gcc -o conftest -g -O2 -Wall -Wunused    conftest.c  1>&5
configure: In function `main':
configure:2660: warning: unused variable `p'
configure:2685: checking for alloca
configure:2718: gcc -o conftest -g -O2 -Wall -Wunused    conftest.c  1>&5
configure: In function `main':
configure:2714: warning: unused variable `p'
configure:2887: checking for unistd.h
configure:2897: gcc -E  conftest.c >/dev/null 2>conftest.out
configure:2926: checking for getpagesize
configure:2954: gcc -o conftest -g -O2 -Wall -Wunused    conftest.c  1>&5
configure:2979: checking for working mmap
configure:3127: gcc -o conftest -g -O2 -Wall -Wunused    conftest.c  1>&5
configure: In function `main':
configure:3068: warning: implicit declaration of function `getpagesize'
configure:3077: warning: implicit declaration of function `rand'
configure:3078: warning: implicit declaration of function `umask'
configure:3082: warning: implicit declaration of function `write'
configure:3084: warning: implicit declaration of function `close'
configure:3115: warning: implicit declaration of function `read'
configure:3121: warning: implicit declaration of function `unlink'
configure:3155: checking for argz.h
configure:3165: gcc -E  conftest.c >/dev/null 2>conftest.out
configure:3155: checking for limits.h
configure:3165: gcc -E  conftest.c >/dev/null 2>conftest.out
configure:3155: checking for locale.h
configure:3165: gcc -E  conftest.c >/dev/null 2>conftest.out
configure:3155: checking for nl_types.h
configure:3165: gcc -E  conftest.c >/dev/null 2>conftest.out
configure:3155: checking for malloc.h
configure:3165: gcc -E  conftest.c >/dev/null 2>conftest.out
configure:3155: checking for string.h
configure:3165: gcc -E  conftest.c >/dev/null 2>conftest.out
configure:3155: checking for unistd.h
configure:3155: checking for sys/param.h
configure:3165: gcc -E  conftest.c >/dev/null 2>conftest.out
configure:3195: checking for getcwd
configure:3223: gcc -o conftest -g -O2 -Wall -Wunused    conftest.c  1>&5
configure:3195: checking for munmap
configure:3223: gcc -o conftest -g -O2 -Wall -Wunused    conftest.c  1>&5
configure:3195: checking for putenv
configure:3223: gcc -o conftest -g -O2 -Wall -Wunused    conftest.c  1>&5
configure:3195: checking for setenv
configure:3223: gcc -o conftest -g -O2 -Wall -Wunused    conftest.c  1>&5
configure:3195: checking for setlocale
configure:3223: gcc -o conftest -g -O2 -Wall -Wunused    conftest.c  1>&5
configure:3195: checking for strchr
configure:3223: gcc -o conftest -g -O2 -Wall -Wunused    conftest.c  1>&5
configure:3195: checking for strcasecmp
configure:3223: gcc -o conftest -g -O2 -Wall -Wunused    conftest.c  1>&5
configure:3195: checking for strdup
configure:3223: gcc -o conftest -g -O2 -Wall -Wunused    conftest.c  1>&5
configure:3195: checking for __argz_count
configure:3223: gcc -o conftest -g -O2 -Wall -Wunused    conftest.c  1>&5
configure:3195: checking for __argz_stringify
configure:3223: gcc -o conftest -g -O2 -Wall -Wunused    conftest.c  1>&5
configure:3195: checking for __argz_next
configure:3223: gcc -o conftest -g -O2 -Wall -Wunused    conftest.c  1>&5
configure:3252: checking for stpcpy
configure:3280: gcc -o conftest -g -O2 -Wall -Wunused    conftest.c  1>&5
configure:3314: checking for LC_MESSAGES
configure:3326: gcc -o conftest -g -O2 -Wall -Wunused    conftest.c  1>&5
configure:3347: checking whether NLS is requested
configure:3367: checking whether included gettext is requested
configure:3386: checking for libintl.h
configure:3396: gcc -E  conftest.c >/dev/null 2>conftest.out
configure:3413: checking for gettext in libc
configure:3425: gcc -o conftest -g -O2 -Wall -Wunused    conftest.c  1>&5
configure:3539: checking for msgfmt
configure:3573: checking for dcgettext
configure:3601: gcc -o conftest -g -O2 -Wall -Wunused    conftest.c  1>&5
configure:3628: checking for gmsgfmt
configure:3664: checking for xgettext
configure:3704: gcc -o conftest -g -O2 -Wall -Wunused    conftest.c  1>&5
